<!DOCTYPE html>
<html lang="en">
    <head>
        <title>Create Team</title>
        <link rel="stylesheet" href="css/form.css" />
    </head>
    <body>
        <form action="/CSGOCreateTeam" method="post" id="form">
            <div class="formField">
                <input
                    id="teamName"
                    name="teamName"
                    type="text"
                    placeholder="Team Name"
                />
            </div>
            <h1>Leader Information</h1>
            <div class="formField">
                <input
                    id="fullName"
                    name="fullName"
                    type="text"
                    placeholder="Full Name"
                />
            </div>
            <div class="formField">
                <input
                    id="regno"
                    name="RegistrationNumber"
                    type="text"
                    placeholder="Registration Number"
                />
            </div>
            <div class="formField">
                <input
                    id="mail"
                    name="VitMail"
                    type="text"
                    placeholder="Vit Mail"
                />
            </div>
            <div class="formField">
                <input id="rank" name="rank" type="text" placeholder="rank" />
            </div>
            <div class="formField">
                <input
                    id="gameId"
                    name="gameId"
                    type="text"
                    placeholder="Steam ID"
                />
            </div>
            <div class="formField">
                <input
                    id="discord"
                    name="discord"
                    type="text"
                    placeholder="Discord ID"
                />
            </div>
            <div class="formField">
                <input
                    id="phno"
                    name="phoneNumber"
                    type="number"
                    placeholder="Phonenumber"
                />
            </div>

            <button name="submit" type="submit" form="form">Submit</button>
        </form>
    </body>
</html>
